app/build/intermediates/manifest_merge_blame_file/debug/manifest-merger-blame-debug-report.txt
1<?xml version="1.0" encoding="utf-8"?>
2<manifest xmlns:android="http://schemas.android.com/apk/res/android"
3    package="com.example.ltdd_finalproject"
4    android:versionCode="1"
5    android:versionName="1.0" >
6
7    <uses-sdk
8        android:minSdkVersion="30"
8-->src\main\AndroidManifest.xml
9        android:targetSdkVersion="33" />
9-->src\main\AndroidManifest.xml
10
11    <uses-permission android:name="android.permission.INTERNET" />
11-->src\main\AndroidManifest.xml:5:5-67
11-->src\main\AndroidManifest.xml:5:22-64
12
13    <permission
13-->[androidx.core:core:1.9.0] AndroidManifest.xml:22:5-24:47
14        android:name="com.example.ltdd_finalproject.DYNAMIC_RECEIVER_NOT_EXPORTED_PERMISSION"
14-->[androidx.core:core:1.9.0] AndroidManifest.xml:23:9-81
15        android:protectionLevel="signature" />
15-->[androidx.core:core:1.9.0] AndroidManifest.xml:24:9-44
16
17    <uses-permission android:name="com.example.ltdd_finalproject.DYNAMIC_RECEIVER_NOT_EXPORTED_PERMISSION" />
17-->[androidx.core:core:1.9.0] AndroidManifest.xml:26:5-97
17-->[androidx.core:core:1.9.0] AndroidManifest.xml:26:22-94
18
19    <application
19-->src\main\AndroidManifest.xml:7:5-54:19
20        android:allowBackup="true"
20-->src\main\AndroidManifest.xml:8:9-35
21        android:appComponentFactory="androidx.core.app.CoreComponentFactory"
21-->[androidx.core:core:1.9.0] AndroidManifest.xml:28:18-86
22        android:debuggable="true"
23        android:extractNativeLibs="false"
24        android:testOnly="true"
25        android:theme="@style/Theme.AppCompat.Light.NoActionBar" >
25-->src\main\AndroidManifest.xml:9:9-65
26        android:dataExtractionRules="@xml/data_extraction_rules"
27        android:fullBackupContent="@xml/backup_rules"
28        android:icon="@mipmap/ic_launcher"
29        android:label="@string/app_name"
30        android:supportsRtl="true"
31        android:theme="@style/Theme.LTDD_FinalProject"
32        tools:targetApi="31">
33        <activity
33-->src\main\AndroidManifest.xml:18:9-20:40
34            android:name="com.example.ltdd_finalproject.activity.AllHotelActivity"
34-->src\main\AndroidManifest.xml:19:13-54
35            android:exported="false" />
35-->src\main\AndroidManifest.xml:20:13-37
36        <activity
36-->src\main\AndroidManifest.xml:21:9-23:40
37            android:name="com.example.ltdd_finalproject.activity.AllVehicleActivity"
37-->src\main\AndroidManifest.xml:22:13-56
38            android:exported="false" />
38-->src\main\AndroidManifest.xml:23:13-37
39        <activity
39-->src\main\AndroidManifest.xml:24:9-26:40
40            android:name="com.example.ltdd_finalproject.activity.MainActivity"
40-->src\main\AndroidManifest.xml:25:13-50
41            android:exported="false" />
41-->src\main\AndroidManifest.xml:26:13-37
42        <activity
42-->src\main\AndroidManifest.xml:27:9-29:40
43            android:name="com.example.ltdd_finalproject.activity.AllTourActivity"
43-->src\main\AndroidManifest.xml:28:13-53
44            android:exported="false" />
44-->src\main\AndroidManifest.xml:29:13-37
45        <activity
45-->src\main\AndroidManifest.xml:30:9-32:40
46            android:name="com.example.ltdd_finalproject.activity.StaffActivity"
46-->src\main\AndroidManifest.xml:31:13-51
47            android:exported="false" />
47-->src\main\AndroidManifest.xml:32:13-37
48        <activity
48-->src\main\AndroidManifest.xml:33:9-35:40
49            android:name="com.example.ltdd_finalproject.activity.RegistInfoActivity"
49-->src\main\AndroidManifest.xml:34:13-56
50            android:exported="false" />
50-->src\main\AndroidManifest.xml:35:13-37
51        <activity
51-->src\main\AndroidManifest.xml:36:9-38:40
52            android:name="com.example.ltdd_finalproject.activity.RegisActivity"
52-->src\main\AndroidManifest.xml:37:13-51
53            android:exported="false" />
53-->src\main\AndroidManifest.xml:38:13-37
54        <activity
54-->src\main\AndroidManifest.xml:39:9-41:40
55            android:name="com.example.ltdd_finalproject.activity.LoginActivity"
55-->src\main\AndroidManifest.xml:40:13-51
56            android:exported="false" />
56-->src\main\AndroidManifest.xml:41:13-37
57        <activity
57-->src\main\AndroidManifest.xml:42:9-50:20
58            android:name="com.example.ltdd_finalproject.activity.IntroActivity"
58-->src\main\AndroidManifest.xml:43:13-51
59            android:exported="true" >
59-->src\main\AndroidManifest.xml:44:13-36
60            <intent-filter>
60-->src\main\AndroidManifest.xml:45:13-49:29
61                <action android:name="android.intent.action.MAIN" />
61-->src\main\AndroidManifest.xml:46:17-69
61-->src\main\AndroidManifest.xml:46:25-66
62
63                <category android:name="android.intent.category.LAUNCHER" />
63-->src\main\AndroidManifest.xml:48:17-77
63-->src\main\AndroidManifest.xml:48:27-74
64            </intent-filter>
65        </activity>
66        <activity
66-->src\main\AndroidManifest.xml:51:9-53:40
67            android:name="com.example.ltdd_finalproject.activity.HomeActivity"
67-->src\main\AndroidManifest.xml:52:13-50
68            android:exported="false" />
68-->src\main\AndroidManifest.xml:53:13-37
69
70        <provider
70-->[androidx.emoji2:emoji2:1.2.0] AndroidManifest.xml:24:9-32:20
71            android:name="androidx.startup.InitializationProvider"
71-->[androidx.emoji2:emoji2:1.2.0] AndroidManifest.xml:25:13-67
72            android:authorities="com.example.ltdd_finalproject.androidx-startup"
72-->[androidx.emoji2:emoji2:1.2.0] AndroidManifest.xml:26:13-68
73            android:exported="false" >
73-->[androidx.emoji2:emoji2:1.2.0] AndroidManifest.xml:27:13-37
74            <meta-data
74-->[androidx.emoji2:emoji2:1.2.0] AndroidManifest.xml:29:13-31:52
75                android:name="androidx.emoji2.text.EmojiCompatInitializer"
75-->[androidx.emoji2:emoji2:1.2.0] AndroidManifest.xml:30:17-75
76                android:value="androidx.startup" />
76-->[androidx.emoji2:emoji2:1.2.0] AndroidManifest.xml:31:17-49
77            <meta-data
77-->[androidx.lifecycle:lifecycle-process:2.4.1] AndroidManifest.xml:31:13-33:52
78                android:name="androidx.lifecycle.ProcessLifecycleInitializer"
78-->[androidx.lifecycle:lifecycle-process:2.4.1] AndroidManifest.xml:32:17-78
79                android:value="androidx.startup" />
79-->[androidx.lifecycle:lifecycle-process:2.4.1] AndroidManifest.xml:33:17-49
80        </provider>
81    </application>
82
83</manifest>